<?xml version="1.0" encoding="UTF-8"?>
<!-- Generated by org.testng.reporters.JUnitReportReporter -->
<testsuite hostname="DESKTOP-DDBIC8B" failures="0" tests="10" name="com.mindtree.runner.BDDTestRunner" time="443.188" errors="0" timestamp="2022-01-16T05:33:13 PST" skipped="0">
  <testcase classname="com.mindtree.runner.BDDTestRunner" name="runScenario" time="44.801"/>
  <testcase classname="com.mindtree.runner.BDDTestRunner" name="runScenario" time="21.994"/>
  <testcase classname="com.mindtree.runner.BDDTestRunner" name="runScenario" time="99.494"/>
  <testcase classname="com.mindtree.runner.BDDTestRunner" name="runScenario" time="35.491"/>
  <testcase classname="com.mindtree.runner.BDDTestRunner" name="runScenario" time="60.242"/>
  <testcase classname="com.mindtree.runner.BDDTestRunner" name="runScenario" time="25.078"/>
  <testcase classname="com.mindtree.runner.BDDTestRunner" name="runScenario" time="50.845"/>
  <testcase classname="com.mindtree.runner.BDDTestRunner" name="runScenario" time="36.307"/>
  <testcase classname="com.mindtree.runner.BDDTestRunner" name="runScenario" time="30.768"/>
  <testcase classname="com.mindtree.runner.BDDTestRunner" name="runScenario" time="38.168"/>
</testsuite> <!-- com.mindtree.runner.BDDTestRunner -->
